
Bookモデルのテスト
  バリデーションのテスト
    titleカラム
[32m      空欄でないこと[0m
    bodyカラム
[32m      空欄でないこと[0m
[32m      200文字以下であること: 200文字は〇[0m
[32m      200文字以下であること: 201文字は×[0m
  アソシエーションのテスト
    Userモデルとの関係
[32m      N:1となっている[0m

Userモデルのテスト
  バリデーションのテスト
    nameカラム
[32m      空欄でないこと[0m
[32m      2文字以上であること: 1文字は×[0m
[32m      2文字以上であること: 2文字は〇[0m
[32m      20文字以下であること: 20文字は〇[0m
[32m      20文字以下であること: 21文字は×[0m
[32m      一意性があること[0m
    introductionカラム
[32m      50文字以下であること: 50文字は〇[0m
[32m      50文字以下であること: 51文字は×[0m
  アソシエーションのテスト
    Bookモデルとの関係
[32m      1:Nとなっている[0m

[STEP1] ユーザログイン前のテスト
  トップ画面のテスト
    表示内容の確認
[32m      URLが正しい[0m
[32m      Log inリンクが表示される: 青色のボタンの表示が「Log in」である[0m
[32m      Log inリンクの内容が正しい[0m
[32m      Sign upリンクが表示される: 緑色のボタンの表示が「Sign up」である[0m
[32m      Sign upリンクの内容が正しい[0m
  アバウト画面のテスト
    表示内容の確認
[32m      URLが正しい[0m
  ヘッダーのテスト: ログインしていない場合
    表示内容の確認
[32m      Bookersリンクが表示される: 左上から1番目のリンクが「Bookers」である[0m
[32m      Homeリンクが表示される: 左上から2番目のリンクが「Home」である[0m
[32m      Aboutリンクが表示される: 左上から3番目のリンクが「About」である[0m
[32m      Sign upリンクが表示される: 左上から4番目のリンクが「Sign up」である[0m
[32m      Log inリンクが表示される: 左上から5番目のリンクが「Log in」である[0m
    リンクの内容を確認
[32m      Bookersを押すと、トップ画面に遷移する[0m
[32m      Homeを押すと、トップ画面に遷移する[0m
[32m      Aboutを押すと、アバウト画面に遷移する[0m
[32m      Sign upを押すと、新規登録画面に遷移する[0m
[32m      Log inを押すと、ログイン画面に遷移する[0m
  ユーザ新規登録のテスト
    表示内容の確認
[32m      URLが正しい[0m
[32m      「Sign up」と表示される[0m
[32m      nameフォームが表示される[0m
[32m      emailフォームが表示される[0m
[32m      passwordフォームが表示される[0m
[32m      password_confirmationフォームが表示される[0m
[32m      Sign upボタンが表示される[0m
    新規登録成功のテスト
[32m      正しく新規登録される[0m
[32m      新規登録後のリダイレクト先が、新規登録できたユーザの詳細画面になっている[0m
  ユーザログイン
    表示内容の確認
[32m      URLが正しい[0m
[32m      「Log in」と表示される[0m
[32m      nameフォームが表示される[0m
[32m      passwordフォームが表示される[0m
[32m      Log inボタンが表示される[0m
[32m      emailフォームは表示されない[0m
    ログイン成功のテスト
[32m      ログイン後のリダイレクト先が、ログインしたユーザの詳細画面になっている[0m
    ログイン失敗のテスト
[32m      ログインに失敗し、ログイン画面にリダイレクトされる[0m
  ヘッダーのテスト: ログインしている場合
    ヘッダーの表示を確認
[32m      Bookersリンクが表示される: 左上から1番目のリンクが「Bookers」である[0m
[32m      Homeリンクが表示される: 左上から2番目のリンクが「Home」である[0m
[32m      Usersリンクが表示される: 左上から3番目のリンクが「Users」である[0m
[32m      Booksリンクが表示される: 左上から4番目のリンクが「Books」である[0m
[32m      Log outリンクが表示される: 左上から5番目のリンクが「Log out」である[0m
  ユーザログアウトのテスト
    ログアウト機能のテスト
[32m      正しくログアウトできている: ログアウト後のリダイレクト先においてAbout画面へのリンクが存在する[0m
[32m      ログアウト後のリダイレクト先が、トップになっている[0m

[STEP2] ユーザログイン後のテスト
  ヘッダーのテスト: ログインしている場合
    リンクの内容を確認: ※logoutは『ユーザログアウトのテスト』でテスト済みになります。
[32m      Homeを押すと、自分のユーザ詳細画面に遷移する[0m
[32m      Usersを押すと、ユーザ一覧画面に遷移する[0m
[32m      Booksを押すと、投稿一覧画面に遷移する[0m
  投稿一覧画面のテスト
    表示内容の確認
[32m      URLが正しい[0m
[32m      自分と他人の画像のリンク先が正しい[0m
[32m      自分の投稿と他人の投稿のタイトルのリンク先がそれぞれ正しい[0m
[32m      自分の投稿と他人の投稿のオピニオンが表示される[0m
    サイドバーの確認
[32m      自分の名前と紹介文が表示される[0m
[31m      自分のユーザ編集画面へのリンクが存在する (FAILED - 1)[0m

Failures:

  1) [STEP2] ユーザログイン後のテスト 投稿一覧画面のテスト サイドバーの確認 自分のユーザ編集画面へのリンクが存在する
     [31mFailure/Error: profile_image.variant(resize_to_limit: [width, height]).processed[0m
     [31m[0m
     [31mActionView::Template::Error:[0m
     [31m  `magick convert /tmp/ActiveStorage-1-20230919-1972-u16y7.jpeg[0] -auto-orient -resize 100x100> /tmp/image_processing20230919-1972-lru5jd.jpeg` failed with status: 2 and error:[0m
     [36m# /home/ec2-user/.rvm/gems/ruby-3.1.2/gems/mini_magick-4.12.0/lib/mini_magick/shell.rb:17:in `run'[0m
     [36m# /home/ec2-user/.rvm/gems/ruby-3.1.2/gems/mini_magick-4.12.0/lib/mini_magick/tool.rb:92:in `call'[0m
     [36m# /home/ec2-user/.rvm/gems/ruby-3.1.2/gems/image_processing-1.12.2/lib/image_processing/mini_magick.rb:56:in `save_image'[0m
     [36m# /home/ec2-user/.rvm/gems/ruby-3.1.2/gems/image_processing-1.12.2/lib/image_processing/processor.rb:23:in `call'[0m
     [36m# /home/ec2-user/.rvm/gems/ruby-3.1.2/gems/image_processing-1.12.2/lib/image_processing/pipeline.rb:50:in `call_processor'[0m
     [36m# /home/ec2-user/.rvm/gems/ruby-3.1.2/gems/image_processing-1.12.2/lib/image_processing/pipeline.rb:28:in `block in call'[0m
     [36m# /home/ec2-user/.rvm/gems/ruby-3.1.2/gems/image_processing-1.12.2/lib/image_processing/pipeline.rb:64:in `create_tempfile'[0m
     [36m# /home/ec2-user/.rvm/gems/ruby-3.1.2/gems/image_processing-1.12.2/lib/image_processing/pipeline.rb:27:in `call'[0m
     [36m# /home/ec2-user/.rvm/gems/ruby-3.1.2/gems/image_processing-1.12.2/lib/image_processing/builder.rb:14:in `block in call!'[0m
     [36m# /home/ec2-user/.rvm/gems/ruby-3.1.2/gems/image_processing-1.12.2/lib/image_processing/builder.rb:21:in `instrument'[0m
     [36m# /home/ec2-user/.rvm/gems/ruby-3.1.2/gems/image_processing-1.12.2/lib/image_processing/builder.rb:13:in `call!'[0m
     [36m# /home/ec2-user/.rvm/gems/ruby-3.1.2/gems/image_processing-1.12.2/lib/image_processing/chainable.rb:60:in `call'[0m
     [36m# /home/ec2-user/.rvm/gems/ruby-3.1.2/gems/activestorage-6.1.7.6/lib/active_storage/transformers/image_processing_transformer.rb:25:in `process'[0m
     [36m# /home/ec2-user/.rvm/gems/ruby-3.1.2/gems/activestorage-6.1.7.6/lib/active_storage/transformers/transformer.rb:22:in `transform'[0m
     [36m# /home/ec2-user/.rvm/gems/ruby-3.1.2/gems/activestorage-6.1.7.6/app/models/active_storage/variation.rb:56:in `block in transform'[0m
     [36m# /home/ec2-user/.rvm/gems/ruby-3.1.2/gems/activestorage-6.1.7.6/app/models/active_storage/variation.rb:55:in `transform'[0m
     [36m# /home/ec2-user/.rvm/gems/ruby-3.1.2/gems/activestorage-6.1.7.6/app/models/active_storage/variant_with_record.rb:35:in `block in transform_blob'[0m
     [36m# /home/ec2-user/.rvm/gems/ruby-3.1.2/gems/activestorage-6.1.7.6/lib/active_storage/downloader.rb:15:in `block in open'[0m
     [36m# /home/ec2-user/.rvm/gems/ruby-3.1.2/gems/activestorage-6.1.7.6/lib/active_storage/downloader.rb:24:in `open_tempfile'[0m
     [36m# /home/ec2-user/.rvm/gems/ruby-3.1.2/gems/activestorage-6.1.7.6/lib/active_storage/downloader.rb:12:in `open'[0m
     [36m# /home/ec2-user/.rvm/gems/ruby-3.1.2/gems/activestorage-6.1.7.6/lib/active_storage/service.rb:90:in `open'[0m
     [36m# /home/ec2-user/.rvm/gems/ruby-3.1.2/gems/activestorage-6.1.7.6/app/models/active_storage/blob.rb:276:in `open'[0m
     [36m# /home/ec2-user/.rvm/gems/ruby-3.1.2/gems/activestorage-6.1.7.6/app/models/active_storage/variant_with_record.rb:34:in `transform_blob'[0m
     [36m# /home/ec2-user/.rvm/gems/ruby-3.1.2/gems/activestorage-6.1.7.6/app/models/active_storage/variant_with_record.rb:16:in `process'[0m
     [36m# /home/ec2-user/.rvm/gems/ruby-3.1.2/gems/activestorage-6.1.7.6/app/models/active_storage/variant_with_record.rb:11:in `processed'[0m
     [36m# ./app/models/user.rb:18:in `get_profile_image'[0m
     [36m# ./app/views/users/_info.html.erb:2:in `_app_views_users__info_html_erb__3809149131816578977_24060'[0m
     [36m# ./app/views/users/show.html.erb:5:in `_app_views_users_show_html_erb__68539925298339060_24040'[0m
     [36m# /home/ec2-user/.rvm/gems/ruby-3.1.2/gems/actiontext-6.1.7.6/lib/action_text/rendering.rb:20:in `with_renderer'[0m
     [36m# /home/ec2-user/.rvm/gems/ruby-3.1.2/gems/actiontext-6.1.7.6/lib/action_text/engine.rb:59:in `block (4 levels) in <class:Engine>'[0m
     [36m# /home/ec2-user/.rvm/gems/ruby-3.1.2/gems/warden-1.2.9/lib/warden/manager.rb:36:in `block in call'[0m
     [36m# /home/ec2-user/.rvm/gems/ruby-3.1.2/gems/warden-1.2.9/lib/warden/manager.rb:34:in `catch'[0m
     [36m# /home/ec2-user/.rvm/gems/ruby-3.1.2/gems/warden-1.2.9/lib/warden/manager.rb:34:in `call'[0m
     [36m# /home/ec2-user/.rvm/gems/ruby-3.1.2/gems/rack-2.2.8/lib/rack/tempfile_reaper.rb:15:in `call'[0m
     [36m# /home/ec2-user/.rvm/gems/ruby-3.1.2/gems/rack-2.2.8/lib/rack/etag.rb:27:in `call'[0m
     [36m# /home/ec2-user/.rvm/gems/ruby-3.1.2/gems/rack-2.2.8/lib/rack/conditional_get.rb:27:in `call'[0m
     [36m# /home/ec2-user/.rvm/gems/ruby-3.1.2/gems/rack-2.2.8/lib/rack/head.rb:12:in `call'[0m
     [36m# /home/ec2-user/.rvm/gems/ruby-3.1.2/gems/rack-2.2.8/lib/rack/session/abstract/id.rb:266:in `context'[0m
     [36m# /home/ec2-user/.rvm/gems/ruby-3.1.2/gems/rack-2.2.8/lib/rack/session/abstract/id.rb:260:in `call'[0m
     [36m# /home/ec2-user/.rvm/gems/ruby-3.1.2/gems/railties-6.1.7.6/lib/rails/rack/logger.rb:37:in `call_app'[0m
     [36m# /home/ec2-user/.rvm/gems/ruby-3.1.2/gems/railties-6.1.7.6/lib/rails/rack/logger.rb:26:in `block in call'[0m
     [36m# /home/ec2-user/.rvm/gems/ruby-3.1.2/gems/railties-6.1.7.6/lib/rails/rack/logger.rb:26:in `call'[0m
     [36m# /home/ec2-user/.rvm/gems/ruby-3.1.2/gems/rack-2.2.8/lib/rack/method_override.rb:24:in `call'[0m
     [36m# /home/ec2-user/.rvm/gems/ruby-3.1.2/gems/rack-2.2.8/lib/rack/runtime.rb:22:in `call'[0m
     [36m# /home/ec2-user/.rvm/gems/ruby-3.1.2/gems/rack-2.2.8/lib/rack/sendfile.rb:110:in `call'[0m
     [36m# /home/ec2-user/.rvm/gems/ruby-3.1.2/gems/railties-6.1.7.6/lib/rails/engine.rb:539:in `call'[0m
     [36m# /home/ec2-user/.rvm/gems/ruby-3.1.2/gems/rack-2.2.8/lib/rack/urlmap.rb:74:in `block in call'[0m
     [36m# /home/ec2-user/.rvm/gems/ruby-3.1.2/gems/rack-2.2.8/lib/rack/urlmap.rb:58:in `each'[0m
     [36m# /home/ec2-user/.rvm/gems/ruby-3.1.2/gems/rack-2.2.8/lib/rack/urlmap.rb:58:in `call'[0m
     [36m# /home/ec2-user/.rvm/gems/ruby-3.1.2/gems/rack-2.2.8/lib/rack/builder.rb:244:in `call'[0m
     [36m# /home/ec2-user/.rvm/gems/ruby-3.1.2/gems/rack-test-2.1.0/lib/rack/test.rb:360:in `process_request'[0m
     [36m# /home/ec2-user/.rvm/gems/ruby-3.1.2/gems/rack-test-2.1.0/lib/rack/test.rb:163:in `custom_request'[0m
     [36m# /home/ec2-user/.rvm/gems/ruby-3.1.2/gems/rack-test-2.1.0/lib/rack/test.rb:112:in `get'[0m
     [36m# /home/ec2-user/.rvm/gems/ruby-3.1.2/gems/capybara-3.39.2/lib/capybara/rack_test/browser.rb:80:in `process'[0m
     [36m# /home/ec2-user/.rvm/gems/ruby-3.1.2/gems/capybara-3.39.2/lib/capybara/rack_test/browser.rb:63:in `block in process_and_follow_redirects'[0m
     [36m# /home/ec2-user/.rvm/gems/ruby-3.1.2/gems/capybara-3.39.2/lib/capybara/rack_test/browser.rb:58:in `times'[0m
     [36m# /home/ec2-user/.rvm/gems/ruby-3.1.2/gems/capybara-3.39.2/lib/capybara/rack_test/browser.rb:58:in `process_and_follow_redirects'[0m
     [36m# /home/ec2-user/.rvm/gems/ruby-3.1.2/gems/capybara-3.39.2/lib/capybara/rack_test/browser.rb:38:in `submit'[0m
     [36m# /home/ec2-user/.rvm/gems/ruby-3.1.2/gems/capybara-3.39.2/lib/capybara/rack_test/form.rb:57:in `submit'[0m
     [36m# /home/ec2-user/.rvm/gems/ruby-3.1.2/gems/capybara-3.39.2/lib/capybara/rack_test/node.rb:69:in `click'[0m
     [36m# /home/ec2-user/.rvm/gems/ruby-3.1.2/gems/capybara-3.39.2/lib/capybara/rack_test/node.rb:132:in `call'[0m
     [36m# /home/ec2-user/.rvm/gems/ruby-3.1.2/gems/capybara-3.39.2/lib/capybara/rack_test/node.rb:132:in `click'[0m
     [36m# /home/ec2-user/.rvm/gems/ruby-3.1.2/gems/capybara-3.39.2/lib/capybara/node/element.rb:172:in `block in click'[0m
     [36m# /home/ec2-user/.rvm/gems/ruby-3.1.2/gems/capybara-3.39.2/lib/capybara/node/element.rb:608:in `block in perform_click_action'[0m
     [36m# /home/ec2-user/.rvm/gems/ruby-3.1.2/gems/capybara-3.39.2/lib/capybara/node/base.rb:84:in `synchronize'[0m
     [36m# /home/ec2-user/.rvm/gems/ruby-3.1.2/gems/capybara-3.39.2/lib/capybara/node/element.rb:608:in `perform_click_action'[0m
     [36m# /home/ec2-user/.rvm/gems/ruby-3.1.2/gems/capybara-3.39.2/lib/capybara/node/element.rb:171:in `click'[0m
     [36m# /home/ec2-user/.rvm/gems/ruby-3.1.2/gems/capybara-3.39.2/lib/capybara/node/actions.rb:58:in `click_button'[0m
     [36m# /home/ec2-user/.rvm/gems/ruby-3.1.2/gems/capybara-3.39.2/lib/capybara/session.rb:773:in `click_button'[0m
     [36m# /home/ec2-user/.rvm/gems/ruby-3.1.2/gems/capybara-3.39.2/lib/capybara/dsl.rb:52:in `call'[0m
     [36m# /home/ec2-user/.rvm/gems/ruby-3.1.2/gems/capybara-3.39.2/lib/capybara/dsl.rb:52:in `click_button'[0m
     [36m# ./spec/system/02_after_login_spec.rb:13:in `block (2 levels) in <main>'[0m
     [36m# ------------------[0m
     [36m# --- Caused by: ---[0m
     [36m# MiniMagick::Error:[0m
     [36m#   `magick convert /tmp/ActiveStorage-1-20230919-1972-u16y7.jpeg[0] -auto-orient -resize 100x100> /tmp/image_processing20230919-1972-lru5jd.jpeg` failed with status: 2 and error:[0m
     [36m#   /home/ec2-user/.rvm/gems/ruby-3.1.2/gems/mini_magick-4.12.0/lib/mini_magick/shell.rb:17:in `run'[0m

Finished in 8.45 seconds (files took 5.11 seconds to load)
[31m63 examples, 1 failure[0m

Failed examples:

[31mrspec ./spec/system/02_after_login_spec.rb:69[0m [36m# [STEP2] ユーザログイン後のテスト 投稿一覧画面のテスト サイドバーの確認 自分のユーザ編集画面へのリンクが存在する[0m

